<?xml version="1.0" encoding="UTF-8"?>
<!-- Generated by org.testng.reporters.JUnitReportReporter -->
<testsuite name="script.Login" tests="1" time="14.921" ignored="0" failures="0" timestamp="14 Mar 2017 10:50:53 GMT" skipped="0" hostname="Aarush" errors="0">
  <testcase name="verifyLogin" time="14.921" classname="script.Login"/>
</testsuite> <!-- script.Login -->
