<?xml version="1.0" encoding="UTF-8"?>
<!-- Generated by org.testng.reporters.JUnitReportReporter -->
<testsuite name="script.Login" tests="1" time="11.614" ignored="0" failures="0" timestamp="12 Mar 2017 08:43:23 GMT" skipped="0" hostname="Aarush" errors="0">
  <testcase name="verifyLogin" time="11.614" classname="script.Login"/>
</testsuite> <!-- script.Login -->
