<?xml version="1.0" encoding="UTF-8"?>
<!-- Generated by org.testng.reporters.JUnitReportReporter -->
<testsuite name="script.uploadResume" tests="1" time="279.550" ignored="0" failures="0" timestamp="21 Mar 2017 08:41:43 GMT" skipped="0" hostname="Aarush" errors="0">
  <testcase name="testUploadResumeLogout" time="279.550" classname="script.uploadResume"/>
</testsuite> <!-- script.uploadResume -->
